<?xml version="1.0" encoding="UTF-8"?>
<!-- Generated by org.testng.reporters.JUnitXMLReporter -->
<testsuite ignored="1" hostname="DESKTOP-DECDQP2" failures="0" tests="1" name="All test-Cases(failed)(failed)(failed)(failed)(failed)(failed)(failed)" time="7.093" errors="0" timestamp="09 Aug 2021 21:41:52 GMT">
  <testcase classname="backbase.CreateOperation.TC05_Create_CreateNewComputer_ValidateCount" name="TC06_Create_CreateNewComputer_SearchCreatedEntry" time="2.828"/>
  <testcase classname="backbase.CreateOperation.TC05_Create_CreateNewComputer_ValidateCount" name="TC05_Create_CreateNewComputer_ValidateCount" time="0.0">
    <ignored/>
  </testcase> <!-- TC05_Create_CreateNewComputer_ValidateCount -->
</testsuite> <!-- All test-Cases(failed)(failed)(failed)(failed)(failed)(failed)(failed) -->
