<?xml version="1.0" encoding="UTF-8"?>
<!-- Generated by org.testng.reporters.JUnitXMLReporter -->
<testsuite ignored="0" hostname="DESKTOP-DECDQP2" failures="2" tests="5" name="Test" time="32.621" errors="0" timestamp="09 Aug 2021 15:18:35 GMT">
  <testcase classname="backbase.ReadOperation.TC02_Search_UIValidation_SearchFieldAndButton" name="TC02_Search_UIValidation_SearchFieldAndButton" time="1.193"/>
  <testcase classname="backbase.CreateOperation.TC02_Create_CreateNewComputerWithNameOnly" name="TC02_Create_CreateNewComputer" time="8.59"/>
  <testcase classname="backbase.ReadOperation.TC05_Search_UIValidation_SearchComputerName" name="TC05_Search_UIValidation_SearchComputerName" time="4.621"/>
  <testcase classname="backbase.UpdateOperation.TC02_Update_UpdateComputerName" name="TC02_Update_UpdateComputerName" time="1.413">
    <failure type="java.lang.AssertionError" message="expected [Edit computer] but found [No computers found]">
      <![CDATA[java.lang.AssertionError: expected [Edit computer] but found [No computers found]
at backbase.UpdateOperation.TC01_Update_ValidateAutoPopulatedScreen.TC01_Update_ValidateAutoPopulatedScreen(TC01_Update_ValidateAutoPopulatedScreen.java:111)
at backbase.UpdateOperation.TC02_Update_UpdateComputerName.TC02_Update_UpdateComputerName(TC02_Update_UpdateComputerName.java:28)
... Removed 31 stack frames]]>
    </failure>
  </testcase> <!-- TC02_Update_UpdateComputerName -->
  <testcase classname="backbase.DeleteOperation.TC01_Delete_deleteReocords" name="TC01_Delete_deleteReocords" time="1.951">
    <failure type="java.lang.AssertionError" message="expected [583] but found [[Ljava.lang.String;@4c361f63]">
      <![CDATA[java.lang.AssertionError: expected [583] but found [[Ljava.lang.String;@4c361f63]
at backbase.DeleteOperation.TC01_Delete_deleteReocords.TC01_Delete_deleteReocords(TC01_Delete_deleteReocords.java:108)
... Removed 30 stack frames]]>
    </failure>
  </testcase> <!-- TC01_Delete_deleteReocords -->
</testsuite> <!-- Test -->
