<?xml version="1.0" encoding="UTF-8"?>
<!-- Generated by org.testng.reporters.JUnitXMLReporter -->
<testsuite ignored="5" hostname="DESKTOP-DECDQP2" failures="3" tests="7" name="Regression test-Cases" time="34.929" errors="0" timestamp="08 Aug 2021 21:33:37 GMT">
  <testcase classname="backbase.ReadOperation.BaseClass" name="@AfterTest tearDownMethod" time="0.0">
    <failure type="org.testng.TestNGException" message="
Can inject only one of &amp;lt;ITestContext, XmlTest&amp;gt; into a @AfterTest annotated tearDownMethod.
For more information on native dependency injection please refer to http://testng.org/doc/documentation-main.html#native-dependency-injection">
      <![CDATA[org.testng.TestNGException: 
Can inject only one of <ITestContext, XmlTest> into a @AfterTest annotated tearDownMethod.
For more information on native dependency injection please refer to http://testng.org/doc/documentation-main.html#native-dependency-injection
... Removed 21 stack frames]]>
    </failure>
  </testcase> <!-- @AfterTest tearDownMethod -->
  <testcase classname="backbase.ReadOperation.TC02_Search_UIValidation_SearchFieldAndButton" name="TC02_Search_UIValidation_SearchFieldAndButton" time="0.838"/>
  <testcase classname="backbase.ReadOperation.TC03_Search_UIValidation_AddNewComputer" name="TC03_Search_UIValidation_AddNewComputer" time="0.685"/>
  <testcase classname="backbase.CreateOperation.TC03_Create_CreateNewComputerwithAllTheField" name="TC03_Create_CreateNewComputerwithAllTheField" time="6.456"/>
  <testcase classname="backbase.CreateOperation.TC05_Create_CreateNewComputer_ValidateCount" name="TC05_Create_CreateNewComputer_ValidateCount" time="8.631"/>
  <testcase classname="backbase.CreateOperation.TC05_Create_CreateNewComputer_ValidateCount" name="TC06_Create_CreateNewComputer_SearchCreatedEntry" time="0.471">
    <failure type="java.lang.NumberFormatException" message="For input string: &amp;quot;No&amp;quot;">
      <![CDATA[java.lang.NumberFormatException: For input string: "No"
at java.base/java.lang.NumberFormatException.forInputString(NumberFormatException.java:68)
at java.base/java.lang.Integer.parseInt(Integer.java:652)
at java.base/java.lang.Integer.parseInt(Integer.java:770)
at backbase.CreateOperation.TC05_Create_CreateNewComputer_ValidateCount.TC06_Create_CreateNewComputer_SearchCreatedEntry(TC05_Create_CreateNewComputer_ValidateCount.java:118)
... Removed 25 stack frames]]>
    </failure>
  </testcase> <!-- TC06_Create_CreateNewComputer_SearchCreatedEntry -->
  <testcase classname="backbase.UpdateOperation.TC02_Update_UpdateComputerName" name="TC02_Update_UpdateComputerName" time="0.037">
    <failure type="java.lang.NullPointerException" message="Cannot invoke &amp;quot;org.apache.poi.xssf.usermodel.XSSFCell.toString()&amp;quot; because &amp;quot;cell&amp;quot; is null">
      <![CDATA[java.lang.NullPointerException: Cannot invoke "org.apache.poi.xssf.usermodel.XSSFCell.toString()" because "cell" is null
at backbase.Utilties.TestDataReader.returnTestData(TestDataReader.java:50)
at backbase.UpdateOperation.TC02_Update_UpdateComputerName.TC02_Update_UpdateComputerName(TC02_Update_UpdateComputerName.java:21)
... Removed 25 stack frames]]>
    </failure>
  </testcase> <!-- TC02_Update_UpdateComputerName -->
  <testcase classname="backbase.DeleteOperation.TC01_Delete_deleteReocords" name="TC01_Delete_deleteReocords" time="0.037">
    <failure type="java.lang.NullPointerException" message="Cannot invoke &amp;quot;org.apache.poi.xssf.usermodel.XSSFCell.toString()&amp;quot; because &amp;quot;cell&amp;quot; is null">
      <![CDATA[java.lang.NullPointerException: Cannot invoke "org.apache.poi.xssf.usermodel.XSSFCell.toString()" because "cell" is null
at backbase.Utilties.TestDataReader.returnTestData(TestDataReader.java:50)
at backbase.DeleteOperation.TC01_Delete_deleteReocords.TC01_Delete_deleteReocords(TC01_Delete_deleteReocords.java:26)
... Removed 25 stack frames]]>
    </failure>
  </testcase> <!-- TC01_Delete_deleteReocords -->
  <testcase classname="backbase.ReadOperation.BaseClass" name="@AfterTest tearDownMethod" time="0.0">
    <ignored/>
  </testcase> <!-- @AfterTest tearDownMethod -->
  <testcase classname="backbase.ReadOperation.BaseClass" name="@AfterTest tearDownMethod" time="0.0">
    <ignored/>
  </testcase> <!-- @AfterTest tearDownMethod -->
  <testcase classname="backbase.ReadOperation.BaseClass" name="@AfterTest tearDownMethod" time="0.0">
    <ignored/>
  </testcase> <!-- @AfterTest tearDownMethod -->
  <testcase classname="backbase.ReadOperation.BaseClass" name="@AfterTest tearDownMethod" time="0.0">
    <ignored/>
  </testcase> <!-- @AfterTest tearDownMethod -->
  <testcase classname="backbase.ReadOperation.BaseClass" name="@AfterTest tearDownMethod" time="0.0">
    <ignored/>
  </testcase> <!-- @AfterTest tearDownMethod -->
</testsuite> <!-- Regression test-Cases -->
