<?xml version="1.0" encoding="UTF-8"?>
<!-- Generated by org.testng.reporters.JUnitXMLReporter -->
<testsuite ignored="0" hostname="DESKTOP-DECDQP2" failures="0" tests="16" name="All test-Cases" time="116.262" errors="0" timestamp="09 Aug 2021 21:44:37 GMT">
  <testcase classname="backbase.ReadOperation.TC01_Search_UIValidation_SearchRecordTable" name="TC01_Search_UIValidation_SearchRecordTable" time="1.406"/>
  <testcase classname="backbase.CreateOperation.TC08_Create_CreateNewComputer_ComputerNameSpecialChar" name="TC08_Create_CreateNewComputer_ComputerNameSpecialChar" time="8.606"/>
  <testcase classname="backbase.ReadOperation.TC02_Search_UIValidation_SearchFieldAndButton" name="TC02_Search_UIValidation_SearchFieldAndButton" time="0.769"/>
  <testcase classname="backbase.UpdateOperation.TC01_Update_ValidateAutoPopulatedScreen" name="TC01_Update_ValidateAutoPopulatedScreen" time="8.007"/>
  <testcase classname="backbase.ReadOperation.TC03_Search_UIValidation_AddNewComputer" name="TC03_Search_UIValidation_AddNewComputer" time="0.616"/>
  <testcase classname="backbase.UpdateOperation.TC02_Update_UpdateComputerName" name="TC02_Update_UpdateComputerName" time="11.924"/>
  <testcase classname="backbase.ReadOperation.TC04_Search_UIValidation_RecordCountValidation" name="TC04_Search_UIValidation_RecordCountValidation" time="0.678"/>
  <testcase classname="backbase.DeleteOperation.TC01_Delete_deleteReocords" name="TC01_Delete_deleteReocords" time="1.919"/>
  <testcase classname="backbase.ReadOperation.TC05_Search_UIValidation_SearchComputerName" name="TC05_Search_UIValidation_SearchComputerName" time="4.421"/>
  <testcase classname="backbase.ReadOperation.TC06_Search_UIValidation_CancelSearch" name="TC06_Search_UIValidation_CancelSearch" time="7.774"/>
  <testcase classname="backbase.CreateOperation.TC01_Create_UIValidation_NavigationFlowAndFieldValidation" name="TC01_Create_UIValidation_NavigationFlowAndFieldValidation" time="4.448"/>
  <testcase classname="backbase.CreateOperation.TC02_Create_CreateNewComputerWithNameOnly" name="TC02_Create_CreateNewComputer" time="7.636"/>
  <testcase classname="backbase.CreateOperation.TC03_Create_CreateNewComputerwithAllTheField" name="TC03_Create_CreateNewComputerwithAllTheField" time="5.639"/>
  <testcase classname="backbase.CreateOperation.TC04_Create_CreateNewComputerWithoutAnyData_Error" name="TC04_Create_CreateNewComputerWithoutAnyData_Error" time="1.795"/>
  <testcase classname="backbase.CreateOperation.TC05_Create_CreateNewComputer_ValidateCount" name="TC05_Create_CreateNewComputer_ValidateCount" time="8.478"/>
  <testcase classname="backbase.CreateOperation.TC05_Create_CreateNewComputer_ValidateCount" name="TC06_Create_CreateNewComputer_SearchCreatedEntry" time="0.825"/>
</testsuite> <!-- All test-Cases -->
